<?xml version="1.0" encoding="UTF-8"?>
<robot generator="Robot 5.0.1 (Python 3.10.4 on win32)" generated="20220620 22:17:55.447" rpa="false" schemaversion="3">
<suite id="s1" name="Americanas" source="C:\Users\corre\PycharmProjects\fts133_americanas_mobile\tests\mobile\americanas.robot">
<test id="s1-t1" name="Test case name" line="41">
<kw name="Open Application" library="AppiumLibrary">
<arg>${REMOTE_URL}</arg>
<arg>platformName=${platformName}</arg>
<arg>appium:platformVersion=${appium:platformVersion}</arg>
<arg>browserName=${browserName}</arg>
<arg>appium:appiumVersion=${appium:appiumVersion}</arg>
<arg>appium:deviceName=${appium:deviceName}</arg>
<arg>appium:deviceOrientation=${appium:deviceOrientation}</arg>
<arg>appium:app=${appium:app}</arg>
<arg>appium:appPackage=${appium:appPackage}</arg>
<arg>appium:appActivity=${appium:appActivity}</arg>
<arg>appium:ensureWebviewsHavePages=${appium:ensureWebviewsHavePages}</arg>
<arg>appium:nativeWebScreenshot=${appium:nativeWebScreenshot}</arg>
<arg>appium:newCommandTimeout=${appium:newCommandTimeout}</arg>
<arg>appium:connectHardwareKeyboard=${appium:connectHardwareKeyboard}</arg>
<doc>Opens a new application to given Appium server.
Capabilities of appium server, Android and iOS,
Please check https://github.com/appium/appium/blob/master/docs/en/writing-running-appium/server-args.md
| *Option*            | *Man.* | *Description*     |
| remote_url          | Yes    | Appium server url |
| alias               | no     | alias             |</doc>
<status status="PASS" starttime="20220620 22:17:55.799" endtime="20220620 22:18:38.669"/>
</kw>
<kw name="Click Element" library="AppiumLibrary">
<arg>xpath=//android.widget.ImageView[@content-desc="Sauce Lab Fleece T-Shirt"]</arg>
<doc>Click element identified by `locator`.</doc>
<msg timestamp="20220620 22:18:38.671" level="INFO">Clicking element 'xpath=//android.widget.ImageView[@content-desc="Sauce Lab Fleece T-Shirt"]'.</msg>
<status status="PASS" starttime="20220620 22:18:38.669" endtime="20220620 22:18:41.874"/>
</kw>
<kw name="Element Should Contain Text" library="AppiumLibrary">
<arg>id=com.saucelabs.mydemoapp.android:id/productTV</arg>
<arg>Sauce Lab Fleece T-Shirt</arg>
<doc>Verifies element identified by ``locator`` contains text ``expected``.</doc>
<msg timestamp="20220620 22:18:41.876" level="INFO">Verifying element 'id=com.saucelabs.mydemoapp.android:id/productTV' contains text 'Sauce Lab Fleece T-Shirt'.</msg>
<status status="PASS" starttime="20220620 22:18:41.875" endtime="20220620 22:18:42.623"/>
</kw>
<kw name="Element Should Contain Text" library="AppiumLibrary">
<arg>id=com.saucelabs.mydemoapp.android:id/priceTV</arg>
<arg>$ 49.99</arg>
<doc>Verifies element identified by ``locator`` contains text ``expected``.</doc>
<msg timestamp="20220620 22:18:42.626" level="INFO">Verifying element 'id=com.saucelabs.mydemoapp.android:id/priceTV' contains text '$ 49.99'.</msg>
<status status="PASS" starttime="20220620 22:18:42.624" endtime="20220620 22:18:43.520"/>
</kw>
<kw name="Swipe" library="AppiumLibrary">
<arg>659</arg>
<arg>1077</arg>
<arg>666</arg>
<arg>576</arg>
<doc>Swipe from one point to another point, for an optional duration.</doc>
<status status="PASS" starttime="20220620 22:18:43.521" endtime="20220620 22:18:47.044"/>
</kw>
<kw name="Click Element" library="AppiumLibrary">
<arg>accessibility_id=Tap to add product to cart</arg>
<doc>Click element identified by `locator`.</doc>
<msg timestamp="20220620 22:18:47.047" level="INFO">Clicking element 'accessibility_id=Tap to add product to cart'.</msg>
<status status="PASS" starttime="20220620 22:18:47.045" endtime="20220620 22:19:14.384"/>
</kw>
<kw name="Click Element" library="AppiumLibrary">
<arg>accessibility_id=Tap to add product to cart</arg>
<doc>Click element identified by `locator`.</doc>
<msg timestamp="20220620 22:19:14.388" level="INFO">Clicking element 'accessibility_id=Tap to add product to cart'.</msg>
<status status="PASS" starttime="20220620 22:19:14.385" endtime="20220620 22:19:15.707"/>
</kw>
<kw name="Click Element" library="AppiumLibrary">
<arg>accessibility_id=Tap to add product to cart</arg>
<doc>Click element identified by `locator`.</doc>
<msg timestamp="20220620 22:19:15.709" level="INFO">Clicking element 'accessibility_id=Tap to add product to cart'.</msg>
<status status="PASS" starttime="20220620 22:19:15.708" endtime="20220620 22:19:17.444"/>
</kw>
<kw name="Quit Application" library="AppiumLibrary" type="TEARDOWN">
<doc>Quit application. Application can be quit while Appium session is kept alive.
This keyword can be used to close application during test case or between test cases.</doc>
<status status="PASS" starttime="20220620 22:19:17.444" endtime="20220620 22:19:17.947"/>
</kw>
<status status="PASS" starttime="20220620 22:17:55.799" endtime="20220620 22:19:17.948"/>
</test>
<status status="PASS" starttime="20220620 22:17:55.450" endtime="20220620 22:19:17.949"/>
</suite>
<statistics>
<total>
<stat pass="1" fail="0" skip="0">All Tests</stat>
</total>
<tag>
</tag>
<suite>
<stat pass="1" fail="0" skip="0" id="s1" name="Americanas">Americanas</stat>
</suite>
</statistics>
<errors>
</errors>
</robot>
